<?xml version="1.0" encoding="UTF-8"?>
<!-- Generated by org.testng.reporters.JUnitReportReporter -->
<testsuite hostname="DESKTOP-varun" failures="1" tests="5" name="Practice.Google" time="52.145" errors="0" timestamp="2021-11-08T17:03:24 IST" skipped="4">
  <testcase classname="Practice.Google" name="sumne" time="18.517">
    <skipped/>
  </testcase> <!-- sumne -->
  <system-out>
    <![CDATA[reporter CDwindow-B3C2507D8E9D18A4BE16C6C13A4F8EA3]]>
  </system-out>
  <testcase classname="Practice.Google" name="sumne" time="8.283">
    <skipped/>
  </testcase> <!-- sumne -->
  <system-out>
    <![CDATA[reporter CDwindow-6BAAC69B559DB579ECBC43112A5457CD]]>
  </system-out>
  <testcase classname="Practice.Google" name="sumne" time="5.143">
    <skipped/>
  </testcase> <!-- sumne -->
  <system-out>
    <![CDATA[reporter CDwindow-1EC01F8BC58E0A29E28A6CAF791BFC3E]]>
  </system-out>
  <testcase classname="Practice.Google" name="sumne" time="13.960">
    <failure message="null" type="java.lang.AssertionError">
      <![CDATA[java.lang.AssertionError: null
at org.testng.Assert.fail(Assert.java:99)
at org.testng.Assert.fail(Assert.java:106)
at Practice.Google.sumne(Google.java:23)
at java.base/jdk.internal.reflect.NativeMethodAccessorImpl.invoke0(Native Method)
at java.base/jdk.internal.reflect.NativeMethodAccessorImpl.invoke(NativeMethodAccessorImpl.java:78)
at java.base/jdk.internal.reflect.DelegatingMethodAccessorImpl.invoke(DelegatingMethodAccessorImpl.java:43)
at java.base/java.lang.reflect.Method.invoke(Method.java:567)
at org.testng.internal.MethodInvocationHelper.invokeMethod(MethodInvocationHelper.java:133)
at org.testng.internal.TestInvoker.invokeMethod(TestInvoker.java:598)
at org.testng.internal.TestInvoker.retryFailed(TestInvoker.java:213)
at org.testng.internal.MethodRunner.runInSequence(MethodRunner.java:58)
at org.testng.internal.TestInvoker$MethodInvocationAgent.invoke(TestInvoker.java:824)
at org.testng.internal.TestInvoker.invokeTestMethods(TestInvoker.java:146)
at org.testng.internal.TestMethodWorker.invokeTestMethods(TestMethodWorker.java:146)
at org.testng.internal.TestMethodWorker.run(TestMethodWorker.java:128)
at java.base/java.util.ArrayList.forEach(ArrayList.java:1511)
at org.testng.TestRunner.privateRun(TestRunner.java:794)
at org.testng.TestRunner.run(TestRunner.java:596)
at org.testng.SuiteRunner.runTest(SuiteRunner.java:377)
at org.testng.SuiteRunner.runSequentially(SuiteRunner.java:371)
at org.testng.SuiteRunner.privateRun(SuiteRunner.java:332)
at org.testng.SuiteRunner.run(SuiteRunner.java:276)
at org.testng.SuiteRunnerWorker.runSuite(SuiteRunnerWorker.java:53)
at org.testng.SuiteRunnerWorker.run(SuiteRunnerWorker.java:96)
at org.testng.TestNG.runSuitesSequentially(TestNG.java:1212)
at org.testng.TestNG.runSuitesLocally(TestNG.java:1134)
at org.testng.TestNG.runSuites(TestNG.java:1063)
at org.testng.TestNG.run(TestNG.java:1031)
at org.testng.remote.AbstractRemoteTestNG.run(AbstractRemoteTestNG.java:115)
at org.testng.remote.RemoteTestNG.initAndRun(RemoteTestNG.java:251)
at org.testng.remote.RemoteTestNG.main(RemoteTestNG.java:77)
]]>
    </failure>
  </testcase> <!-- sumne -->
  <system-out>
    <![CDATA[reporter CDwindow-0AAB9EEC677BDCADB6A1A45253069A3D]]>
  </system-out>
  <testcase classname="Practice.Google" name="sumne" time="6.242">
    <skipped/>
  </testcase> <!-- sumne -->
  <system-out>
    <![CDATA[reporter CDwindow-2BB18003A4EBA25356C418B4EF95374A]]>
  </system-out>
</testsuite> <!-- Practice.Google -->
